<?xml version="1.0" encoding="UTF-8"?>
<coverage generated="1774677308094" clover="3.2.0">
  <project timestamp="1774677308094" name="All files">
    <metrics statements="1501" coveredstatements="1051" conditionals="137" coveredconditionals="126" methods="34" coveredmethods="25" elements="1672" coveredelements="1202" complexity="0" loc="1501" ncloc="1501" packages="3" files="12" classes="12"/>
    <package name="components">
      <metrics statements="1194" coveredstatements="778" conditionals="70" coveredconditionals="67" methods="26" coveredmethods="18"/>
      <file name="GalleryGrid.tsx" path="/Users/tto/.ttoClaw/workspace/products/ai-design-studio/src/components/GalleryGrid.tsx">
        <metrics statements="131" coveredstatements="125" conditionals="8" coveredconditionals="8" methods="5" coveredmethods="3"/>
        <line num="1" count="1" type="stmt"/>
        <line num="2" count="1" type="stmt"/>
        <line num="3" count="1" type="stmt"/>
        <line num="4" count="1" type="stmt"/>
        <line num="5" count="1" type="stmt"/>
        <line num="6" count="1" type="stmt"/>
        <line num="7" count="1" type="stmt"/>
        <line num="8" count="1" type="stmt"/>
        <line num="9" count="1" type="stmt"/>
        <line num="10" count="1" type="stmt"/>
        <line num="11" count="7" type="cond" truecount="1" falsecount="0"/>
        <line num="12" count="7" type="stmt"/>
        <line num="13" count="7" type="stmt"/>
        <line num="14" count="7" type="stmt"/>
        <line num="15" count="7" type="stmt"/>
        <line num="16" count="7" type="stmt"/>
        <line num="17" count="7" type="stmt"/>
        <line num="18" count="7" type="stmt"/>
        <line num="19" count="7" type="stmt"/>
        <line num="20" count="7" type="stmt"/>
        <line num="21" count="1" type="stmt"/>
        <line num="22" count="1" type="stmt"/>
        <line num="23" count="1" type="stmt"/>
        <line num="24" count="1" type="stmt"/>
        <line num="25" count="1" type="stmt"/>
        <line num="26" count="1" type="stmt"/>
        <line num="27" count="1" type="stmt"/>
        <line num="28" count="1" type="stmt"/>
        <line num="29" count="1" type="cond" truecount="1" falsecount="0"/>
        <line num="30" count="8" type="cond" truecount="1" falsecount="0"/>
        <line num="31" count="1" type="stmt"/>
        <line num="32" count="1" type="stmt"/>
        <line num="33" count="1" type="stmt"/>
        <line num="34" count="1" type="stmt"/>
        <line num="35" count="1" type="stmt"/>
        <line num="36" count="1" type="stmt"/>
        <line num="37" count="1" type="stmt"/>
        <line num="38" count="1" type="stmt"/>
        <line num="39" count="1" type="stmt"/>
        <line num="40" count="1" type="stmt"/>
        <line num="41" count="1" type="stmt"/>
        <line num="42" count="1" type="cond" truecount="1" falsecount="0"/>
        <line num="43" count="6" type="stmt"/>
        <line num="44" count="6" type="stmt"/>
        <line num="45" count="6" type="stmt"/>
        <line num="46" count="6" type="stmt"/>
        <line num="47" count="6" type="stmt"/>
        <line num="48" count="6" type="stmt"/>
        <line num="49" count="6" type="stmt"/>
        <line num="50" count="6" type="stmt"/>
        <line num="51" count="6" type="stmt"/>
        <line num="52" count="6" type="cond" truecount="1" falsecount="0"/>
        <line num="53" count="7" type="stmt"/>
        <line num="54" count="7" type="cond" truecount="2" falsecount="0"/>
        <line num="55" count="7" type="stmt"/>
        <line num="56" count="7" type="stmt"/>
        <line num="57" count="7" type="stmt"/>
        <line num="58" count="7" type="stmt"/>
        <line num="59" count="7" type="stmt"/>
        <line num="60" count="7" type="cond" truecount="1" falsecount="0"/>
        <line num="61" count="7" type="stmt"/>
        <line num="62" count="7" type="stmt"/>
        <line num="63" count="7" type="stmt"/>
        <line num="64" count="7" type="stmt"/>
        <line num="65" count="7" type="stmt"/>
        <line num="66" count="7" type="stmt"/>
        <line num="67" count="7" type="stmt"/>
        <line num="68" count="7" type="stmt"/>
        <line num="69" count="0" type="stmt"/>
        <line num="70" count="0" type="stmt"/>
        <line num="71" count="0" type="stmt"/>
        <line num="72" count="7" type="stmt"/>
        <line num="73" count="0" type="stmt"/>
        <line num="74" count="0" type="stmt"/>
        <line num="75" count="0" type="stmt"/>
        <line num="76" count="7" type="stmt"/>
        <line num="77" count="7" type="stmt"/>
        <line num="78" count="7" type="stmt"/>
        <line num="79" count="7" type="stmt"/>
        <line num="80" count="7" type="stmt"/>
        <line num="81" count="7" type="stmt"/>
        <line num="82" count="7" type="stmt"/>
        <line num="83" count="7" type="stmt"/>
        <line num="84" count="7" type="stmt"/>
        <line num="85" count="7" type="stmt"/>
        <line num="86" count="7" type="stmt"/>
        <line num="87" count="7" type="stmt"/>
        <line num="88" count="7" type="stmt"/>
        <line num="89" count="7" type="stmt"/>
        <line num="90" count="7" type="stmt"/>
        <line num="91" count="7" type="stmt"/>
        <line num="92" count="7" type="stmt"/>
        <line num="93" count="7" type="stmt"/>
        <line num="94" count="7" type="stmt"/>
        <line num="95" count="7" type="stmt"/>
        <line num="96" count="7" type="stmt"/>
        <line num="97" count="7" type="stmt"/>
        <line num="98" count="7" type="stmt"/>
        <line num="99" count="7" type="stmt"/>
        <line num="100" count="7" type="stmt"/>
        <line num="101" count="7" type="stmt"/>
        <line num="102" count="7" type="stmt"/>
        <line num="103" count="7" type="stmt"/>
        <line num="104" count="7" type="stmt"/>
        <line num="105" count="7" type="stmt"/>
        <line num="106" count="7" type="stmt"/>
        <line num="107" count="7" type="stmt"/>
        <line num="108" count="7" type="stmt"/>
        <line num="109" count="7" type="stmt"/>
        <line num="110" count="7" type="stmt"/>
        <line num="111" count="7" type="stmt"/>
        <line num="112" count="7" type="stmt"/>
        <line num="113" count="7" type="stmt"/>
        <line num="114" count="7" type="stmt"/>
        <line num="115" count="7" type="stmt"/>
        <line num="116" count="7" type="stmt"/>
        <line num="117" count="7" type="stmt"/>
        <line num="118" count="7" type="stmt"/>
        <line num="119" count="7" type="stmt"/>
        <line num="120" count="7" type="stmt"/>
        <line num="121" count="7" type="stmt"/>
        <line num="122" count="7" type="stmt"/>
        <line num="123" count="7" type="stmt"/>
        <line num="124" count="7" type="stmt"/>
        <line num="125" count="7" type="stmt"/>
        <line num="126" count="7" type="stmt"/>
        <line num="127" count="7" type="stmt"/>
        <line num="128" count="7" type="stmt"/>
        <line num="129" count="6" type="stmt"/>
        <line num="130" count="6" type="stmt"/>
        <line num="131" count="6" type="stmt"/>
      </file>
      <file name="ImageDetailModal.tsx" path="/Users/tto/.ttoClaw/workspace/products/ai-design-studio/src/components/ImageDetailModal.tsx">
        <metrics statements="241" coveredstatements="0" conditionals="1" coveredconditionals="0" methods="1" coveredmethods="0"/>
        <line num="1" count="0" type="cond" truecount="0" falsecount="1"/>
        <line num="2" count="0" type="stmt"/>
        <line num="3" count="0" type="stmt"/>
        <line num="4" count="0" type="stmt"/>
        <line num="5" count="0" type="stmt"/>
        <line num="6" count="0" type="stmt"/>
        <line num="7" count="0" type="stmt"/>
        <line num="8" count="0" type="stmt"/>
        <line num="9" count="0" type="stmt"/>
        <line num="10" count="0" type="stmt"/>
        <line num="11" count="0" type="stmt"/>
        <line num="12" count="0" type="stmt"/>
        <line num="13" count="0" type="stmt"/>
        <line num="14" count="0" type="stmt"/>
        <line num="15" count="0" type="stmt"/>
        <line num="16" count="0" type="stmt"/>
        <line num="17" count="0" type="stmt"/>
        <line num="18" count="0" type="stmt"/>
        <line num="19" count="0" type="stmt"/>
        <line num="20" count="0" type="stmt"/>
        <line num="21" count="0" type="stmt"/>
        <line num="22" count="0" type="stmt"/>
        <line num="23" count="0" type="stmt"/>
        <line num="24" count="0" type="stmt"/>
        <line num="25" count="0" type="stmt"/>
        <line num="26" count="0" type="stmt"/>
        <line num="27" count="0" type="stmt"/>
        <line num="28" count="0" type="stmt"/>
        <line num="29" count="0" type="stmt"/>
        <line num="30" count="0" type="stmt"/>
        <line num="31" count="0" type="stmt"/>
        <line num="32" count="0" type="stmt"/>
        <line num="33" count="0" type="stmt"/>
        <line num="34" count="0" type="stmt"/>
        <line num="35" count="0" type="stmt"/>
        <line num="36" count="0" type="stmt"/>
        <line num="37" count="0" type="stmt"/>
        <line num="38" count="0" type="stmt"/>
        <line num="39" count="0" type="stmt"/>
        <line num="40" count="0" type="stmt"/>
        <line num="41" count="0" type="stmt"/>
        <line num="42" count="0" type="stmt"/>
        <line num="43" count="0" type="stmt"/>
        <line num="44" count="0" type="stmt"/>
        <line num="45" count="0" type="stmt"/>
        <line num="46" count="0" type="stmt"/>
        <line num="47" count="0" type="stmt"/>
        <line num="48" count="0" type="stmt"/>
        <line num="49" count="0" type="stmt"/>
        <line num="50" count="0" type="stmt"/>
        <line num="51" count="0" type="stmt"/>
        <line num="52" count="0" type="stmt"/>
        <line num="53" count="0" type="stmt"/>
        <line num="54" count="0" type="stmt"/>
        <line num="55" count="0" type="stmt"/>
        <line num="56" count="0" type="stmt"/>
        <line num="57" count="0" type="stmt"/>
        <line num="58" count="0" type="stmt"/>
        <line num="59" count="0" type="stmt"/>
        <line num="60" count="0" type="stmt"/>
        <line num="61" count="0" type="stmt"/>
        <line num="62" count="0" type="stmt"/>
        <line num="63" count="0" type="stmt"/>
        <line num="64" count="0" type="stmt"/>
        <line num="65" count="0" type="stmt"/>
        <line num="66" count="0" type="stmt"/>
        <line num="67" count="0" type="stmt"/>
        <line num="68" count="0" type="stmt"/>
        <line num="69" count="0" type="stmt"/>
        <line num="70" count="0" type="stmt"/>
        <line num="71" count="0" type="stmt"/>
        <line num="72" count="0" type="stmt"/>
        <line num="73" count="0" type="stmt"/>
        <line num="74" count="0" type="stmt"/>
        <line num="75" count="0" type="stmt"/>
        <line num="76" count="0" type="stmt"/>
        <line num="77" count="0" type="stmt"/>
        <line num="78" count="0" type="stmt"/>
        <line num="79" count="0" type="stmt"/>
        <line num="80" count="0" type="stmt"/>
        <line num="81" count="0" type="stmt"/>
        <line num="82" count="0" type="stmt"/>
        <line num="83" count="0" type="stmt"/>
        <line num="84" count="0" type="stmt"/>
        <line num="85" count="0" type="stmt"/>
        <line num="86" count="0" type="stmt"/>
        <line num="87" count="0" type="stmt"/>
        <line num="88" count="0" type="stmt"/>
        <line num="89" count="0" type="stmt"/>
        <line num="90" count="0" type="stmt"/>
        <line num="91" count="0" type="stmt"/>
        <line num="92" count="0" type="stmt"/>
        <line num="93" count="0" type="stmt"/>
        <line num="94" count="0" type="stmt"/>
        <line num="95" count="0" type="stmt"/>
        <line num="96" count="0" type="stmt"/>
        <line num="97" count="0" type="stmt"/>
        <line num="98" count="0" type="stmt"/>
        <line num="99" count="0" type="stmt"/>
        <line num="100" count="0" type="stmt"/>
        <line num="101" count="0" type="stmt"/>
        <line num="102" count="0" type="stmt"/>
        <line num="103" count="0" type="stmt"/>
        <line num="104" count="0" type="stmt"/>
        <line num="105" count="0" type="stmt"/>
        <line num="106" count="0" type="stmt"/>
        <line num="107" count="0" type="stmt"/>
        <line num="108" count="0" type="stmt"/>
        <line num="109" count="0" type="stmt"/>
        <line num="110" count="0" type="stmt"/>
        <line num="111" count="0" type="stmt"/>
        <line num="112" count="0" type="stmt"/>
        <line num="113" count="0" type="stmt"/>
        <line num="114" count="0" type="stmt"/>
        <line num="115" count="0" type="stmt"/>
        <line num="116" count="0" type="stmt"/>
        <line num="117" count="0" type="stmt"/>
        <line num="118" count="0" type="stmt"/>
        <line num="119" count="0" type="stmt"/>
        <line num="120" count="0" type="stmt"/>
        <line num="121" count="0" type="stmt"/>
        <line num="122" count="0" type="stmt"/>
        <line num="123" count="0" type="stmt"/>
        <line num="124" count="0" type="stmt"/>
        <line num="125" count="0" type="stmt"/>
        <line num="126" count="0" type="stmt"/>
        <line num="127" count="0" type="stmt"/>
        <line num="128" count="0" type="stmt"/>
        <line num="129" count="0" type="stmt"/>
        <line num="130" count="0" type="stmt"/>
        <line num="131" count="0" type="stmt"/>
        <line num="132" count="0" type="stmt"/>
        <line num="133" count="0" type="stmt"/>
        <line num="134" count="0" type="stmt"/>
        <line num="135" count="0" type="stmt"/>
        <line num="136" count="0" type="stmt"/>
        <line num="137" count="0" type="stmt"/>
        <line num="138" count="0" type="stmt"/>
        <line num="139" count="0" type="stmt"/>
        <line num="140" count="0" type="stmt"/>
        <line num="141" count="0" type="stmt"/>
        <line num="142" count="0" type="stmt"/>
        <line num="143" count="0" type="stmt"/>
        <line num="144" count="0" type="stmt"/>
        <line num="145" count="0" type="stmt"/>
        <line num="146" count="0" type="stmt"/>
        <line num="147" count="0" type="stmt"/>
        <line num="148" count="0" type="stmt"/>
        <line num="149" count="0" type="stmt"/>
        <line num="150" count="0" type="stmt"/>
        <line num="151" count="0" type="stmt"/>
        <line num="152" count="0" type="stmt"/>
        <line num="153" count="0" type="stmt"/>
        <line num="154" count="0" type="stmt"/>
        <line num="155" count="0" type="stmt"/>
        <line num="156" count="0" type="stmt"/>
        <line num="157" count="0" type="stmt"/>
        <line num="158" count="0" type="stmt"/>
        <line num="159" count="0" type="stmt"/>
        <line num="160" count="0" type="stmt"/>
        <line num="161" count="0" type="stmt"/>
        <line num="162" count="0" type="stmt"/>
        <line num="163" count="0" type="stmt"/>
        <line num="164" count="0" type="stmt"/>
        <line num="165" count="0" type="stmt"/>
        <line num="166" count="0" type="stmt"/>
        <line num="167" count="0" type="stmt"/>
        <line num="168" count="0" type="stmt"/>
        <line num="169" count="0" type="stmt"/>
        <line num="170" count="0" type="stmt"/>
        <line num="171" count="0" type="stmt"/>
        <line num="172" count="0" type="stmt"/>
        <line num="173" count="0" type="stmt"/>
        <line num="174" count="0" type="stmt"/>
        <line num="175" count="0" type="stmt"/>
        <line num="176" count="0" type="stmt"/>
        <line num="177" count="0" type="stmt"/>
        <line num="178" count="0" type="stmt"/>
        <line num="179" count="0" type="stmt"/>
        <line num="180" count="0" type="stmt"/>
        <line num="181" count="0" type="stmt"/>
        <line num="182" count="0" type="stmt"/>
        <line num="183" count="0" type="stmt"/>
        <line num="184" count="0" type="stmt"/>
        <line num="185" count="0" type="stmt"/>
        <line num="186" count="0" type="stmt"/>
        <line num="187" count="0" type="stmt"/>
        <line num="188" count="0" type="stmt"/>
        <line num="189" count="0" type="stmt"/>
        <line num="190" count="0" type="stmt"/>
        <line num="191" count="0" type="stmt"/>
        <line num="192" count="0" type="stmt"/>
        <line num="193" count="0" type="stmt"/>
        <line num="194" count="0" type="stmt"/>
        <line num="195" count="0" type="stmt"/>
        <line num="196" count="0" type="stmt"/>
        <line num="197" count="0" type="stmt"/>
        <line num="198" count="0" type="stmt"/>
        <line num="199" count="0" type="stmt"/>
        <line num="200" count="0" type="stmt"/>
        <line num="201" count="0" type="stmt"/>
        <line num="202" count="0" type="stmt"/>
        <line num="203" count="0" type="stmt"/>
        <line num="204" count="0" type="stmt"/>
        <line num="205" count="0" type="stmt"/>
        <line num="206" count="0" type="stmt"/>
        <line num="207" count="0" type="stmt"/>
        <line num="208" count="0" type="stmt"/>
        <line num="209" count="0" type="stmt"/>
        <line num="210" count="0" type="stmt"/>
        <line num="211" count="0" type="stmt"/>
        <line num="212" count="0" type="stmt"/>
        <line num="213" count="0" type="stmt"/>
        <line num="214" count="0" type="stmt"/>
        <line num="215" count="0" type="stmt"/>
        <line num="216" count="0" type="stmt"/>
        <line num="217" count="0" type="stmt"/>
        <line num="218" count="0" type="stmt"/>
        <line num="219" count="0" type="stmt"/>
        <line num="220" count="0" type="stmt"/>
        <line num="221" count="0" type="stmt"/>
        <line num="222" count="0" type="stmt"/>
        <line num="223" count="0" type="stmt"/>
        <line num="224" count="0" type="stmt"/>
        <line num="225" count="0" type="stmt"/>
        <line num="226" count="0" type="stmt"/>
        <line num="227" count="0" type="stmt"/>
        <line num="228" count="0" type="stmt"/>
        <line num="229" count="0" type="stmt"/>
        <line num="230" count="0" type="stmt"/>
        <line num="231" count="0" type="stmt"/>
        <line num="232" count="0" type="stmt"/>
        <line num="233" count="0" type="stmt"/>
        <line num="234" count="0" type="stmt"/>
        <line num="235" count="0" type="stmt"/>
        <line num="236" count="0" type="stmt"/>
        <line num="237" count="0" type="stmt"/>
        <line num="238" count="0" type="stmt"/>
        <line num="239" count="0" type="stmt"/>
        <line num="240" count="0" type="stmt"/>
        <line num="241" count="0" type="stmt"/>
      </file>
      <file name="Navbar.tsx" path="/Users/tto/.ttoClaw/workspace/products/ai-design-studio/src/components/Navbar.tsx">
        <metrics statements="160" coveredstatements="0" conditionals="1" coveredconditionals="0" methods="1" coveredmethods="0"/>
        <line num="1" count="0" type="cond" truecount="0" falsecount="1"/>
        <line num="2" count="0" type="stmt"/>
        <line num="3" count="0" type="stmt"/>
        <line num="4" count="0" type="stmt"/>
        <line num="5" count="0" type="stmt"/>
        <line num="6" count="0" type="stmt"/>
        <line num="7" count="0" type="stmt"/>
        <line num="8" count="0" type="stmt"/>
        <line num="9" count="0" type="stmt"/>
        <line num="10" count="0" type="stmt"/>
        <line num="11" count="0" type="stmt"/>
        <line num="12" count="0" type="stmt"/>
        <line num="13" count="0" type="stmt"/>
        <line num="14" count="0" type="stmt"/>
        <line num="15" count="0" type="stmt"/>
        <line num="16" count="0" type="stmt"/>
        <line num="17" count="0" type="stmt"/>
        <line num="18" count="0" type="stmt"/>
        <line num="19" count="0" type="stmt"/>
        <line num="20" count="0" type="stmt"/>
        <line num="21" count="0" type="stmt"/>
        <line num="22" count="0" type="stmt"/>
        <line num="23" count="0" type="stmt"/>
        <line num="24" count="0" type="stmt"/>
        <line num="25" count="0" type="stmt"/>
        <line num="26" count="0" type="stmt"/>
        <line num="27" count="0" type="stmt"/>
        <line num="28" count="0" type="stmt"/>
        <line num="29" count="0" type="stmt"/>
        <line num="30" count="0" type="stmt"/>
        <line num="31" count="0" type="stmt"/>
        <line num="32" count="0" type="stmt"/>
        <line num="33" count="0" type="stmt"/>
        <line num="34" count="0" type="stmt"/>
        <line num="35" count="0" type="stmt"/>
        <line num="36" count="0" type="stmt"/>
        <line num="37" count="0" type="stmt"/>
        <line num="38" count="0" type="stmt"/>
        <line num="39" count="0" type="stmt"/>
        <line num="40" count="0" type="stmt"/>
        <line num="41" count="0" type="stmt"/>
        <line num="42" count="0" type="stmt"/>
        <line num="43" count="0" type="stmt"/>
        <line num="44" count="0" type="stmt"/>
        <line num="45" count="0" type="stmt"/>
        <line num="46" count="0" type="stmt"/>
        <line num="47" count="0" type="stmt"/>
        <line num="48" count="0" type="stmt"/>
        <line num="49" count="0" type="stmt"/>
        <line num="50" count="0" type="stmt"/>
        <line num="51" count="0" type="stmt"/>
        <line num="52" count="0" type="stmt"/>
        <line num="53" count="0" type="stmt"/>
        <line num="54" count="0" type="stmt"/>
        <line num="55" count="0" type="stmt"/>
        <line num="56" count="0" type="stmt"/>
        <line num="57" count="0" type="stmt"/>
        <line num="58" count="0" type="stmt"/>
        <line num="59" count="0" type="stmt"/>
        <line num="60" count="0" type="stmt"/>
        <line num="61" count="0" type="stmt"/>
        <line num="62" count="0" type="stmt"/>
        <line num="63" count="0" type="stmt"/>
        <line num="64" count="0" type="stmt"/>
        <line num="65" count="0" type="stmt"/>
        <line num="66" count="0" type="stmt"/>
        <line num="67" count="0" type="stmt"/>
        <line num="68" count="0" type="stmt"/>
        <line num="69" count="0" type="stmt"/>
        <line num="70" count="0" type="stmt"/>
        <line num="71" count="0" type="stmt"/>
        <line num="72" count="0" type="stmt"/>
        <line num="73" count="0" type="stmt"/>
        <line num="74" count="0" type="stmt"/>
        <line num="75" count="0" type="stmt"/>
        <line num="76" count="0" type="stmt"/>
        <line num="77" count="0" type="stmt"/>
        <line num="78" count="0" type="stmt"/>
        <line num="79" count="0" type="stmt"/>
        <line num="80" count="0" type="stmt"/>
        <line num="81" count="0" type="stmt"/>
        <line num="82" count="0" type="stmt"/>
        <line num="83" count="0" type="stmt"/>
        <line num="84" count="0" type="stmt"/>
        <line num="85" count="0" type="stmt"/>
        <line num="86" count="0" type="stmt"/>
        <line num="87" count="0" type="stmt"/>
        <line num="88" count="0" type="stmt"/>
        <line num="89" count="0" type="stmt"/>
        <line num="90" count="0" type="stmt"/>
        <line num="91" count="0" type="stmt"/>
        <line num="92" count="0" type="stmt"/>
        <line num="93" count="0" type="stmt"/>
        <line num="94" count="0" type="stmt"/>
        <line num="95" count="0" type="stmt"/>
        <line num="96" count="0" type="stmt"/>
        <line num="97" count="0" type="stmt"/>
        <line num="98" count="0" type="stmt"/>
        <line num="99" count="0" type="stmt"/>
        <line num="100" count="0" type="stmt"/>
        <line num="101" count="0" type="stmt"/>
        <line num="102" count="0" type="stmt"/>
        <line num="103" count="0" type="stmt"/>
        <line num="104" count="0" type="stmt"/>
        <line num="105" count="0" type="stmt"/>
        <line num="106" count="0" type="stmt"/>
        <line num="107" count="0" type="stmt"/>
        <line num="108" count="0" type="stmt"/>
        <line num="109" count="0" type="stmt"/>
        <line num="110" count="0" type="stmt"/>
        <line num="111" count="0" type="stmt"/>
        <line num="112" count="0" type="stmt"/>
        <line num="113" count="0" type="stmt"/>
        <line num="114" count="0" type="stmt"/>
        <line num="115" count="0" type="stmt"/>
        <line num="116" count="0" type="stmt"/>
        <line num="117" count="0" type="stmt"/>
        <line num="118" count="0" type="stmt"/>
        <line num="119" count="0" type="stmt"/>
        <line num="120" count="0" type="stmt"/>
        <line num="121" count="0" type="stmt"/>
        <line num="122" count="0" type="stmt"/>
        <line num="123" count="0" type="stmt"/>
        <line num="124" count="0" type="stmt"/>
        <line num="125" count="0" type="stmt"/>
        <line num="126" count="0" type="stmt"/>
        <line num="127" count="0" type="stmt"/>
        <line num="128" count="0" type="stmt"/>
        <line num="129" count="0" type="stmt"/>
        <line num="130" count="0" type="stmt"/>
        <line num="131" count="0" type="stmt"/>
        <line num="132" count="0" type="stmt"/>
        <line num="133" count="0" type="stmt"/>
        <line num="134" count="0" type="stmt"/>
        <line num="135" count="0" type="stmt"/>
        <line num="136" count="0" type="stmt"/>
        <line num="137" count="0" type="stmt"/>
        <line num="138" count="0" type="stmt"/>
        <line num="139" count="0" type="stmt"/>
        <line num="140" count="0" type="stmt"/>
        <line num="141" count="0" type="stmt"/>
        <line num="142" count="0" type="stmt"/>
        <line num="143" count="0" type="stmt"/>
        <line num="144" count="0" type="stmt"/>
        <line num="145" count="0" type="stmt"/>
        <line num="146" count="0" type="stmt"/>
        <line num="147" count="0" type="stmt"/>
        <line num="148" count="0" type="stmt"/>
        <line num="149" count="0" type="stmt"/>
        <line num="150" count="0" type="stmt"/>
        <line num="151" count="0" type="stmt"/>
        <line num="152" count="0" type="stmt"/>
        <line num="153" count="0" type="stmt"/>
        <line num="154" count="0" type="stmt"/>
        <line num="155" count="0" type="stmt"/>
        <line num="156" count="0" type="stmt"/>
        <line num="157" count="0" type="stmt"/>
        <line num="158" count="0" type="stmt"/>
        <line num="159" count="0" type="stmt"/>
        <line num="160" count="0" type="stmt"/>
      </file>
      <file name="ParamsPanel.tsx" path="/Users/tto/.ttoClaw/workspace/products/ai-design-studio/src/components/ParamsPanel.tsx">
        <metrics statements="212" coveredstatements="212" conditionals="20" coveredconditionals="20" methods="7" coveredmethods="6"/>
        <line num="1" count="1" type="stmt"/>
        <line num="2" count="1" type="stmt"/>
        <line num="3" count="1" type="stmt"/>
        <line num="4" count="1" type="stmt"/>
        <line num="5" count="1" type="stmt"/>
        <line num="6" count="1" type="stmt"/>
        <line num="7" count="1" type="stmt"/>
        <line num="8" count="1" type="stmt"/>
        <line num="9" count="1" type="stmt"/>
        <line num="10" count="1" type="stmt"/>
        <line num="11" count="1" type="stmt"/>
        <line num="12" count="1" type="stmt"/>
        <line num="13" count="1" type="stmt"/>
        <line num="14" count="1" type="stmt"/>
        <line num="15" count="1" type="stmt"/>
        <line num="16" count="1" type="stmt"/>
        <line num="17" count="1" type="stmt"/>
        <line num="18" count="1" type="stmt"/>
        <line num="19" count="1" type="stmt"/>
        <line num="20" count="1" type="cond" truecount="1" falsecount="0"/>
        <line num="21" count="15" type="stmt"/>
        <line num="22" count="15" type="stmt"/>
        <line num="23" count="15" type="stmt"/>
        <line num="24" count="15" type="stmt"/>
        <line num="25" count="15" type="stmt"/>
        <line num="26" count="15" type="stmt"/>
        <line num="27" count="15" type="stmt"/>
        <line num="28" count="15" type="stmt"/>
        <line num="29" count="15" type="stmt"/>
        <line num="30" count="15" type="stmt"/>
        <line num="31" count="15" type="stmt"/>
        <line num="32" count="15" type="stmt"/>
        <line num="33" count="15" type="cond" truecount="1" falsecount="0"/>
        <line num="34" count="1" type="stmt"/>
        <line num="35" count="1" type="stmt"/>
        <line num="36" count="1" type="stmt"/>
        <line num="37" count="15" type="stmt"/>
        <line num="38" count="15" type="stmt"/>
        <line num="39" count="15" type="stmt"/>
        <line num="40" count="15" type="cond" truecount="2" falsecount="0"/>
        <line num="41" count="15" type="stmt"/>
        <line num="42" count="15" type="stmt"/>
        <line num="43" count="15" type="stmt"/>
        <line num="44" count="15" type="stmt"/>
        <line num="45" count="15" type="stmt"/>
        <line num="46" count="15" type="stmt"/>
        <line num="47" count="15" type="stmt"/>
        <line num="48" count="15" type="stmt"/>
        <line num="49" count="15" type="stmt"/>
        <line num="50" count="15" type="stmt"/>
        <line num="51" count="15" type="stmt"/>
        <line num="52" count="15" type="stmt"/>
        <line num="53" count="15" type="stmt"/>
        <line num="54" count="15" type="stmt"/>
        <line num="55" count="15" type="stmt"/>
        <line num="56" count="15" type="stmt"/>
        <line num="57" count="15" type="stmt"/>
        <line num="58" count="15" type="stmt"/>
        <line num="59" count="15" type="stmt"/>
        <line num="60" count="15" type="stmt"/>
        <line num="61" count="15" type="stmt"/>
        <line num="62" count="15" type="stmt"/>
        <line num="63" count="15" type="stmt"/>
        <line num="64" count="15" type="cond" truecount="1" falsecount="0"/>
        <line num="65" count="15" type="stmt"/>
        <line num="66" count="15" type="stmt"/>
        <line num="67" count="15" type="stmt"/>
        <line num="68" count="15" type="cond" truecount="1" falsecount="0"/>
        <line num="69" count="15" type="stmt"/>
        <line num="70" count="15" type="stmt"/>
        <line num="71" count="15" type="stmt"/>
        <line num="72" count="15" type="stmt"/>
        <line num="73" count="15" type="stmt"/>
        <line num="74" count="15" type="stmt"/>
        <line num="75" count="15" type="stmt"/>
        <line num="76" count="15" type="stmt"/>
        <line num="77" count="15" type="stmt"/>
        <line num="78" count="15" type="stmt"/>
        <line num="79" count="15" type="stmt"/>
        <line num="80" count="15" type="stmt"/>
        <line num="81" count="15" type="stmt"/>
        <line num="82" count="15" type="stmt"/>
        <line num="83" count="15" type="stmt"/>
        <line num="84" count="15" type="stmt"/>
        <line num="85" count="15" type="cond" truecount="1" falsecount="0"/>
        <line num="86" count="15" type="stmt"/>
        <line num="87" count="15" type="stmt"/>
        <line num="88" count="15" type="stmt"/>
        <line num="89" count="15" type="cond" truecount="1" falsecount="0"/>
        <line num="90" count="15" type="stmt"/>
        <line num="91" count="15" type="stmt"/>
        <line num="92" count="15" type="stmt"/>
        <line num="93" count="15" type="stmt"/>
        <line num="94" count="15" type="stmt"/>
        <line num="95" count="15" type="stmt"/>
        <line num="96" count="15" type="stmt"/>
        <line num="97" count="15" type="stmt"/>
        <line num="98" count="15" type="stmt"/>
        <line num="99" count="15" type="stmt"/>
        <line num="100" count="15" type="stmt"/>
        <line num="101" count="15" type="stmt"/>
        <line num="102" count="15" type="stmt"/>
        <line num="103" count="15" type="stmt"/>
        <line num="104" count="15" type="stmt"/>
        <line num="105" count="15" type="stmt"/>
        <line num="106" count="15" type="stmt"/>
        <line num="107" count="15" type="stmt"/>
        <line num="108" count="15" type="stmt"/>
        <line num="109" count="15" type="stmt"/>
        <line num="110" count="15" type="stmt"/>
        <line num="111" count="15" type="stmt"/>
        <line num="112" count="15" type="stmt"/>
        <line num="113" count="15" type="stmt"/>
        <line num="114" count="15" type="stmt"/>
        <line num="115" count="15" type="stmt"/>
        <line num="116" count="15" type="stmt"/>
        <line num="117" count="15" type="cond" truecount="2" falsecount="0"/>
        <line num="118" count="15" type="stmt"/>
        <line num="119" count="15" type="stmt"/>
        <line num="120" count="15" type="stmt"/>
        <line num="121" count="15" type="stmt"/>
        <line num="122" count="15" type="stmt"/>
        <line num="123" count="15" type="stmt"/>
        <line num="124" count="15" type="stmt"/>
        <line num="125" count="15" type="stmt"/>
        <line num="126" count="15" type="stmt"/>
        <line num="127" count="15" type="stmt"/>
        <line num="128" count="15" type="stmt"/>
        <line num="129" count="15" type="stmt"/>
        <line num="130" count="15" type="stmt"/>
        <line num="131" count="15" type="cond" truecount="1" falsecount="0"/>
        <line num="132" count="15" type="stmt"/>
        <line num="133" count="15" type="stmt"/>
        <line num="134" count="15" type="stmt"/>
        <line num="135" count="15" type="stmt"/>
        <line num="136" count="15" type="stmt"/>
        <line num="137" count="15" type="stmt"/>
        <line num="138" count="15" type="stmt"/>
        <line num="139" count="15" type="stmt"/>
        <line num="140" count="15" type="stmt"/>
        <line num="141" count="15" type="stmt"/>
        <line num="142" count="15" type="stmt"/>
        <line num="143" count="15" type="stmt"/>
        <line num="144" count="15" type="stmt"/>
        <line num="145" count="15" type="stmt"/>
        <line num="146" count="15" type="stmt"/>
        <line num="147" count="15" type="stmt"/>
        <line num="148" count="15" type="stmt"/>
        <line num="149" count="15" type="stmt"/>
        <line num="150" count="15" type="stmt"/>
        <line num="151" count="15" type="stmt"/>
        <line num="152" count="15" type="stmt"/>
        <line num="153" count="15" type="cond" truecount="1" falsecount="0"/>
        <line num="154" count="15" type="stmt"/>
        <line num="155" count="15" type="stmt"/>
        <line num="156" count="15" type="stmt"/>
        <line num="157" count="15" type="stmt"/>
        <line num="158" count="15" type="stmt"/>
        <line num="159" count="15" type="cond" truecount="2" falsecount="0"/>
        <line num="160" count="15" type="stmt"/>
        <line num="161" count="15" type="stmt"/>
        <line num="162" count="15" type="stmt"/>
        <line num="163" count="15" type="stmt"/>
        <line num="164" count="15" type="stmt"/>
        <line num="165" count="15" type="stmt"/>
        <line num="166" count="15" type="stmt"/>
        <line num="167" count="15" type="stmt"/>
        <line num="168" count="15" type="stmt"/>
        <line num="169" count="15" type="stmt"/>
        <line num="170" count="15" type="stmt"/>
        <line num="171" count="15" type="stmt"/>
        <line num="172" count="15" type="stmt"/>
        <line num="173" count="15" type="stmt"/>
        <line num="174" count="15" type="cond" truecount="2" falsecount="0"/>
        <line num="175" count="15" type="stmt"/>
        <line num="176" count="15" type="stmt"/>
        <line num="177" count="15" type="stmt"/>
        <line num="178" count="15" type="stmt"/>
        <line num="179" count="15" type="stmt"/>
        <line num="180" count="15" type="stmt"/>
        <line num="181" count="15" type="stmt"/>
        <line num="182" count="15" type="stmt"/>
        <line num="183" count="15" type="stmt"/>
        <line num="184" count="15" type="stmt"/>
        <line num="185" count="15" type="stmt"/>
        <line num="186" count="15" type="cond" truecount="1" falsecount="0"/>
        <line num="187" count="4" type="stmt"/>
        <line num="188" count="4" type="stmt"/>
        <line num="189" count="4" type="stmt"/>
        <line num="190" count="4" type="stmt"/>
        <line num="191" count="4" type="stmt"/>
        <line num="192" count="4" type="stmt"/>
        <line num="193" count="4" type="stmt"/>
        <line num="194" count="4" type="stmt"/>
        <line num="195" count="4" type="stmt"/>
        <line num="196" count="4" type="stmt"/>
        <line num="197" count="4" type="cond" truecount="2" falsecount="0"/>
        <line num="198" count="4" type="stmt"/>
        <line num="199" count="4" type="stmt"/>
        <line num="200" count="4" type="stmt"/>
        <line num="201" count="4" type="stmt"/>
        <line num="202" count="4" type="cond" truecount="1" falsecount="0"/>
        <line num="203" count="11" type="stmt"/>
        <line num="204" count="11" type="stmt"/>
        <line num="205" count="11" type="stmt"/>
        <line num="206" count="11" type="stmt"/>
        <line num="207" count="11" type="stmt"/>
        <line num="208" count="11" type="stmt"/>
        <line num="209" count="11" type="stmt"/>
        <line num="210" count="11" type="stmt"/>
        <line num="211" count="11" type="stmt"/>
        <line num="212" count="11" type="stmt"/>
      </file>
      <file name="PreviewPanel.tsx" path="/Users/tto/.ttoClaw/workspace/products/ai-design-studio/src/components/PreviewPanel.tsx">
        <metrics statements="187" coveredstatements="178" conditionals="7" coveredconditionals="7" methods="3" coveredmethods="1"/>
        <line num="1" count="1" type="stmt"/>
        <line num="2" count="1" type="stmt"/>
        <line num="3" count="1" type="stmt"/>
        <line num="4" count="1" type="stmt"/>
        <line num="5" count="1" type="stmt"/>
        <line num="6" count="1" type="stmt"/>
        <line num="7" count="1" type="stmt"/>
        <line num="8" count="1" type="stmt"/>
        <line num="9" count="1" type="stmt"/>
        <line num="10" count="1" type="stmt"/>
        <line num="11" count="1" type="stmt"/>
        <line num="12" count="1" type="stmt"/>
        <line num="13" count="1" type="stmt"/>
        <line num="14" count="1" type="stmt"/>
        <line num="15" count="1" type="stmt"/>
        <line num="16" count="1" type="stmt"/>
        <line num="17" count="1" type="stmt"/>
        <line num="18" count="1" type="stmt"/>
        <line num="19" count="1" type="cond" truecount="1" falsecount="0"/>
        <line num="20" count="9" type="stmt"/>
        <line num="21" count="9" type="stmt"/>
        <line num="22" count="9" type="stmt"/>
        <line num="23" count="9" type="stmt"/>
        <line num="24" count="9" type="stmt"/>
        <line num="25" count="9" type="stmt"/>
        <line num="26" count="9" type="stmt"/>
        <line num="27" count="9" type="stmt"/>
        <line num="28" count="9" type="stmt"/>
        <line num="29" count="9" type="stmt"/>
        <line num="30" count="9" type="stmt"/>
        <line num="31" count="9" type="stmt"/>
        <line num="32" count="9" type="stmt"/>
        <line num="33" count="0" type="stmt"/>
        <line num="34" count="0" type="stmt"/>
        <line num="35" count="0" type="stmt"/>
        <line num="36" count="0" type="stmt"/>
        <line num="37" count="0" type="stmt"/>
        <line num="38" count="0" type="stmt"/>
        <line num="39" count="9" type="stmt"/>
        <line num="40" count="9" type="stmt"/>
        <line num="41" count="0" type="stmt"/>
        <line num="42" count="0" type="stmt"/>
        <line num="43" count="0" type="stmt"/>
        <line num="44" count="9" type="stmt"/>
        <line num="45" count="9" type="stmt"/>
        <line num="46" count="9" type="stmt"/>
        <line num="47" count="9" type="stmt"/>
        <line num="48" count="9" type="stmt"/>
        <line num="49" count="9" type="stmt"/>
        <line num="50" count="9" type="stmt"/>
        <line num="51" count="9" type="stmt"/>
        <line num="52" count="9" type="stmt"/>
        <line num="53" count="9" type="stmt"/>
        <line num="54" count="9" type="stmt"/>
        <line num="55" count="9" type="stmt"/>
        <line num="56" count="9" type="stmt"/>
        <line num="57" count="9" type="cond" truecount="2" falsecount="0"/>
        <line num="58" count="9" type="stmt"/>
        <line num="59" count="9" type="stmt"/>
        <line num="60" count="9" type="stmt"/>
        <line num="61" count="9" type="stmt"/>
        <line num="62" count="9" type="stmt"/>
        <line num="63" count="9" type="stmt"/>
        <line num="64" count="9" type="stmt"/>
        <line num="65" count="9" type="stmt"/>
        <line num="66" count="9" type="stmt"/>
        <line num="67" count="9" type="stmt"/>
        <line num="68" count="9" type="stmt"/>
        <line num="69" count="9" type="stmt"/>
        <line num="70" count="9" type="stmt"/>
        <line num="71" count="9" type="stmt"/>
        <line num="72" count="9" type="stmt"/>
        <line num="73" count="9" type="stmt"/>
        <line num="74" count="9" type="stmt"/>
        <line num="75" count="9" type="stmt"/>
        <line num="76" count="9" type="stmt"/>
        <line num="77" count="9" type="stmt"/>
        <line num="78" count="9" type="cond" truecount="1" falsecount="0"/>
        <line num="79" count="9" type="stmt"/>
        <line num="80" count="9" type="stmt"/>
        <line num="81" count="9" type="stmt"/>
        <line num="82" count="9" type="stmt"/>
        <line num="83" count="9" type="stmt"/>
        <line num="84" count="9" type="stmt"/>
        <line num="85" count="9" type="stmt"/>
        <line num="86" count="9" type="stmt"/>
        <line num="87" count="9" type="cond" truecount="2" falsecount="0"/>
        <line num="88" count="9" type="stmt"/>
        <line num="89" count="9" type="stmt"/>
        <line num="90" count="9" type="stmt"/>
        <line num="91" count="9" type="stmt"/>
        <line num="92" count="9" type="stmt"/>
        <line num="93" count="9" type="cond" truecount="1" falsecount="0"/>
        <line num="94" count="9" type="stmt"/>
        <line num="95" count="9" type="stmt"/>
        <line num="96" count="9" type="stmt"/>
        <line num="97" count="9" type="stmt"/>
        <line num="98" count="9" type="stmt"/>
        <line num="99" count="9" type="stmt"/>
        <line num="100" count="9" type="stmt"/>
        <line num="101" count="9" type="stmt"/>
        <line num="102" count="9" type="stmt"/>
        <line num="103" count="9" type="stmt"/>
        <line num="104" count="9" type="stmt"/>
        <line num="105" count="9" type="stmt"/>
        <line num="106" count="9" type="stmt"/>
        <line num="107" count="9" type="stmt"/>
        <line num="108" count="9" type="stmt"/>
        <line num="109" count="9" type="stmt"/>
        <line num="110" count="9" type="stmt"/>
        <line num="111" count="9" type="stmt"/>
        <line num="112" count="9" type="stmt"/>
        <line num="113" count="9" type="stmt"/>
        <line num="114" count="9" type="stmt"/>
        <line num="115" count="9" type="stmt"/>
        <line num="116" count="9" type="stmt"/>
        <line num="117" count="9" type="stmt"/>
        <line num="118" count="9" type="stmt"/>
        <line num="119" count="9" type="stmt"/>
        <line num="120" count="9" type="stmt"/>
        <line num="121" count="9" type="stmt"/>
        <line num="122" count="9" type="stmt"/>
        <line num="123" count="9" type="stmt"/>
        <line num="124" count="9" type="stmt"/>
        <line num="125" count="9" type="stmt"/>
        <line num="126" count="9" type="stmt"/>
        <line num="127" count="9" type="stmt"/>
        <line num="128" count="9" type="stmt"/>
        <line num="129" count="9" type="stmt"/>
        <line num="130" count="9" type="stmt"/>
        <line num="131" count="9" type="stmt"/>
        <line num="132" count="9" type="stmt"/>
        <line num="133" count="9" type="stmt"/>
        <line num="134" count="9" type="stmt"/>
        <line num="135" count="9" type="stmt"/>
        <line num="136" count="9" type="stmt"/>
        <line num="137" count="9" type="stmt"/>
        <line num="138" count="9" type="stmt"/>
        <line num="139" count="9" type="stmt"/>
        <line num="140" count="9" type="stmt"/>
        <line num="141" count="9" type="stmt"/>
        <line num="142" count="9" type="stmt"/>
        <line num="143" count="9" type="stmt"/>
        <line num="144" count="9" type="stmt"/>
        <line num="145" count="9" type="stmt"/>
        <line num="146" count="9" type="stmt"/>
        <line num="147" count="9" type="stmt"/>
        <line num="148" count="9" type="stmt"/>
        <line num="149" count="9" type="stmt"/>
        <line num="150" count="9" type="stmt"/>
        <line num="151" count="9" type="stmt"/>
        <line num="152" count="9" type="stmt"/>
        <line num="153" count="9" type="stmt"/>
        <line num="154" count="9" type="stmt"/>
        <line num="155" count="9" type="stmt"/>
        <line num="156" count="9" type="stmt"/>
        <line num="157" count="9" type="stmt"/>
        <line num="158" count="9" type="stmt"/>
        <line num="159" count="9" type="stmt"/>
        <line num="160" count="9" type="stmt"/>
        <line num="161" count="9" type="stmt"/>
        <line num="162" count="9" type="stmt"/>
        <line num="163" count="9" type="stmt"/>
        <line num="164" count="9" type="stmt"/>
        <line num="165" count="9" type="stmt"/>
        <line num="166" count="9" type="stmt"/>
        <line num="167" count="9" type="stmt"/>
        <line num="168" count="9" type="stmt"/>
        <line num="169" count="9" type="stmt"/>
        <line num="170" count="9" type="stmt"/>
        <line num="171" count="9" type="stmt"/>
        <line num="172" count="9" type="stmt"/>
        <line num="173" count="9" type="stmt"/>
        <line num="174" count="9" type="stmt"/>
        <line num="175" count="9" type="stmt"/>
        <line num="176" count="9" type="stmt"/>
        <line num="177" count="9" type="stmt"/>
        <line num="178" count="9" type="stmt"/>
        <line num="179" count="9" type="stmt"/>
        <line num="180" count="9" type="stmt"/>
        <line num="181" count="9" type="stmt"/>
        <line num="182" count="9" type="stmt"/>
        <line num="183" count="9" type="stmt"/>
        <line num="184" count="9" type="stmt"/>
        <line num="185" count="9" type="stmt"/>
        <line num="186" count="9" type="stmt"/>
        <line num="187" count="9" type="stmt"/>
      </file>
      <file name="ProgressBar.tsx" path="/Users/tto/.ttoClaw/workspace/products/ai-design-studio/src/components/ProgressBar.tsx">
        <metrics statements="46" coveredstatements="46" conditionals="1" coveredconditionals="1" methods="1" coveredmethods="1"/>
        <line num="1" count="1" type="stmt"/>
        <line num="2" count="1" type="stmt"/>
        <line num="3" count="1" type="stmt"/>
        <line num="4" count="1" type="stmt"/>
        <line num="5" count="1" type="stmt"/>
        <line num="6" count="1" type="stmt"/>
        <line num="7" count="1" type="stmt"/>
        <line num="8" count="1" type="cond" truecount="1" falsecount="0"/>
        <line num="9" count="9" type="stmt"/>
        <line num="10" count="9" type="stmt"/>
        <line num="11" count="9" type="stmt"/>
        <line num="12" count="9" type="stmt"/>
        <line num="13" count="9" type="stmt"/>
        <line num="14" count="9" type="stmt"/>
        <line num="15" count="9" type="stmt"/>
        <line num="16" count="9" type="stmt"/>
        <line num="17" count="9" type="stmt"/>
        <line num="18" count="9" type="stmt"/>
        <line num="19" count="9" type="stmt"/>
        <line num="20" count="9" type="stmt"/>
        <line num="21" count="9" type="stmt"/>
        <line num="22" count="9" type="stmt"/>
        <line num="23" count="9" type="stmt"/>
        <line num="24" count="9" type="stmt"/>
        <line num="25" count="9" type="stmt"/>
        <line num="26" count="9" type="stmt"/>
        <line num="27" count="9" type="stmt"/>
        <line num="28" count="9" type="stmt"/>
        <line num="29" count="9" type="stmt"/>
        <line num="30" count="9" type="stmt"/>
        <line num="31" count="9" type="stmt"/>
        <line num="32" count="9" type="stmt"/>
        <line num="33" count="9" type="stmt"/>
        <line num="34" count="9" type="stmt"/>
        <line num="35" count="9" type="stmt"/>
        <line num="36" count="9" type="stmt"/>
        <line num="37" count="9" type="stmt"/>
        <line num="38" count="9" type="stmt"/>
        <line num="39" count="9" type="stmt"/>
        <line num="40" count="9" type="stmt"/>
        <line num="41" count="9" type="stmt"/>
        <line num="42" count="9" type="stmt"/>
        <line num="43" count="9" type="stmt"/>
        <line num="44" count="9" type="stmt"/>
        <line num="45" count="9" type="stmt"/>
        <line num="46" count="9" type="stmt"/>
      </file>
      <file name="PromptInput.tsx" path="/Users/tto/.ttoClaw/workspace/products/ai-design-studio/src/components/PromptInput.tsx">
        <metrics statements="118" coveredstatements="118" conditionals="9" coveredconditionals="8" methods="3" coveredmethods="2"/>
        <line num="1" count="1" type="stmt"/>
        <line num="2" count="1" type="stmt"/>
        <line num="3" count="1" type="stmt"/>
        <line num="4" count="1" type="stmt"/>
        <line num="5" count="1" type="stmt"/>
        <line num="6" count="1" type="stmt"/>
        <line num="7" count="1" type="stmt"/>
        <line num="8" count="1" type="stmt"/>
        <line num="9" count="1" type="stmt"/>
        <line num="10" count="1" type="stmt"/>
        <line num="11" count="1" type="stmt"/>
        <line num="12" count="1" type="stmt"/>
        <line num="13" count="1" type="stmt"/>
        <line num="14" count="1" type="stmt"/>
        <line num="15" count="1" type="stmt"/>
        <line num="16" count="1" type="cond" truecount="1" falsecount="0"/>
        <line num="17" count="9" type="stmt"/>
        <line num="18" count="9" type="stmt"/>
        <line num="19" count="9" type="stmt"/>
        <line num="20" count="9" type="stmt"/>
        <line num="21" count="9" type="stmt"/>
        <line num="22" count="9" type="stmt"/>
        <line num="23" count="9" type="stmt"/>
        <line num="24" count="9" type="stmt"/>
        <line num="25" count="9" type="stmt"/>
        <line num="26" count="9" type="stmt"/>
        <line num="27" count="9" type="stmt"/>
        <line num="28" count="9" type="stmt"/>
        <line num="29" count="9" type="stmt"/>
        <line num="30" count="9" type="stmt"/>
        <line num="31" count="9" type="stmt"/>
        <line num="32" count="9" type="stmt"/>
        <line num="33" count="9" type="stmt"/>
        <line num="34" count="9" type="stmt"/>
        <line num="35" count="9" type="stmt"/>
        <line num="36" count="9" type="stmt"/>
        <line num="37" count="9" type="stmt"/>
        <line num="38" count="9" type="stmt"/>
        <line num="39" count="9" type="stmt"/>
        <line num="40" count="9" type="stmt"/>
        <line num="41" count="9" type="stmt"/>
        <line num="42" count="9" type="stmt"/>
        <line num="43" count="9" type="stmt"/>
        <line num="44" count="9" type="stmt"/>
        <line num="45" count="9" type="stmt"/>
        <line num="46" count="9" type="stmt"/>
        <line num="47" count="9" type="stmt"/>
        <line num="48" count="9" type="stmt"/>
        <line num="49" count="9" type="stmt"/>
        <line num="50" count="9" type="stmt"/>
        <line num="51" count="9" type="stmt"/>
        <line num="52" count="9" type="stmt"/>
        <line num="53" count="9" type="stmt"/>
        <line num="54" count="9" type="stmt"/>
        <line num="55" count="9" type="stmt"/>
        <line num="56" count="9" type="stmt"/>
        <line num="57" count="9" type="stmt"/>
        <line num="58" count="9" type="cond" truecount="1" falsecount="0"/>
        <line num="59" count="9" type="stmt"/>
        <line num="60" count="9" type="stmt"/>
        <line num="61" count="9" type="stmt"/>
        <line num="62" count="9" type="stmt"/>
        <line num="63" count="9" type="stmt"/>
        <line num="64" count="9" type="stmt"/>
        <line num="65" count="9" type="stmt"/>
        <line num="66" count="9" type="stmt"/>
        <line num="67" count="9" type="stmt"/>
        <line num="68" count="9" type="cond" truecount="2" falsecount="0"/>
        <line num="69" count="9" type="cond" truecount="2" falsecount="0"/>
        <line num="70" count="9" type="stmt"/>
        <line num="71" count="9" type="stmt"/>
        <line num="72" count="9" type="stmt"/>
        <line num="73" count="9" type="stmt"/>
        <line num="74" count="9" type="stmt"/>
        <line num="75" count="9" type="stmt"/>
        <line num="76" count="9" type="stmt"/>
        <line num="77" count="9" type="stmt"/>
        <line num="78" count="9" type="cond" truecount="2" falsecount="0"/>
        <line num="79" count="9" type="stmt"/>
        <line num="80" count="9" type="stmt"/>
        <line num="81" count="9" type="stmt"/>
        <line num="82" count="9" type="stmt"/>
        <line num="83" count="9" type="stmt"/>
        <line num="84" count="9" type="stmt"/>
        <line num="85" count="9" type="stmt"/>
        <line num="86" count="9" type="stmt"/>
        <line num="87" count="9" type="stmt"/>
        <line num="88" count="9" type="stmt"/>
        <line num="89" count="9" type="stmt"/>
        <line num="90" count="9" type="stmt"/>
        <line num="91" count="9" type="stmt"/>
        <line num="92" count="9" type="stmt"/>
        <line num="93" count="9" type="stmt"/>
        <line num="94" count="9" type="stmt"/>
        <line num="95" count="9" type="stmt"/>
        <line num="96" count="9" type="stmt"/>
        <line num="97" count="9" type="stmt"/>
        <line num="98" count="9" type="stmt"/>
        <line num="99" count="9" type="stmt"/>
        <line num="100" count="9" type="stmt"/>
        <line num="101" count="9" type="stmt"/>
        <line num="102" count="9" type="stmt"/>
        <line num="103" count="9" type="stmt"/>
        <line num="104" count="9" type="stmt"/>
        <line num="105" count="9" type="stmt"/>
        <line num="106" count="9" type="stmt"/>
        <line num="107" count="9" type="stmt"/>
        <line num="108" count="9" type="cond" truecount="0" falsecount="1"/>
        <line num="109" count="9" type="stmt"/>
        <line num="110" count="9" type="stmt"/>
        <line num="111" count="9" type="stmt"/>
        <line num="112" count="9" type="stmt"/>
        <line num="113" count="9" type="stmt"/>
        <line num="114" count="9" type="stmt"/>
        <line num="115" count="9" type="stmt"/>
        <line num="116" count="9" type="stmt"/>
        <line num="117" count="9" type="stmt"/>
        <line num="118" count="9" type="stmt"/>
      </file>
      <file name="TemplateSelector.tsx" path="/Users/tto/.ttoClaw/workspace/products/ai-design-studio/src/components/TemplateSelector.tsx">
        <metrics statements="52" coveredstatements="52" conditionals="16" coveredconditionals="16" methods="3" coveredmethods="3"/>
        <line num="1" count="1" type="stmt"/>
        <line num="2" count="1" type="stmt"/>
        <line num="3" count="1" type="stmt"/>
        <line num="4" count="1" type="stmt"/>
        <line num="5" count="1" type="stmt"/>
        <line num="6" count="1" type="stmt"/>
        <line num="7" count="1" type="stmt"/>
        <line num="8" count="1" type="stmt"/>
        <line num="9" count="1" type="stmt"/>
        <line num="10" count="1" type="stmt"/>
        <line num="11" count="1" type="cond" truecount="1" falsecount="0"/>
        <line num="12" count="6" type="stmt"/>
        <line num="13" count="6" type="stmt"/>
        <line num="14" count="6" type="stmt"/>
        <line num="15" count="6" type="stmt"/>
        <line num="16" count="6" type="stmt"/>
        <line num="17" count="6" type="stmt"/>
        <line num="18" count="6" type="stmt"/>
        <line num="19" count="6" type="stmt"/>
        <line num="20" count="6" type="stmt"/>
        <line num="21" count="6" type="cond" truecount="1" falsecount="0"/>
        <line num="22" count="6" type="stmt"/>
        <line num="23" count="6" type="stmt"/>
        <line num="24" count="6" type="cond" truecount="2" falsecount="0"/>
        <line num="25" count="6" type="cond" truecount="2" falsecount="0"/>
        <line num="26" count="6" type="stmt"/>
        <line num="27" count="6" type="cond" truecount="2" falsecount="0"/>
        <line num="28" count="6" type="stmt"/>
        <line num="29" count="6" type="stmt"/>
        <line num="30" count="6" type="stmt"/>
        <line num="31" count="6" type="stmt"/>
        <line num="32" count="6" type="stmt"/>
        <line num="33" count="6" type="cond" truecount="1" falsecount="0"/>
        <line num="34" count="24" type="stmt"/>
        <line num="35" count="24" type="stmt"/>
        <line num="36" count="6" type="stmt"/>
        <line num="37" count="6" type="cond" truecount="1" falsecount="0"/>
        <line num="38" count="6" type="stmt"/>
        <line num="39" count="6" type="stmt"/>
        <line num="40" count="6" type="cond" truecount="2" falsecount="0"/>
        <line num="41" count="6" type="cond" truecount="2" falsecount="0"/>
        <line num="42" count="6" type="stmt"/>
        <line num="43" count="6" type="cond" truecount="2" falsecount="0"/>
        <line num="44" count="6" type="stmt"/>
        <line num="45" count="6" type="stmt"/>
        <line num="46" count="6" type="stmt"/>
        <line num="47" count="6" type="stmt"/>
        <line num="48" count="6" type="stmt"/>
        <line num="49" count="6" type="stmt"/>
        <line num="50" count="6" type="stmt"/>
        <line num="51" count="6" type="stmt"/>
        <line num="52" count="6" type="stmt"/>
      </file>
      <file name="WorkflowSelector.tsx" path="/Users/tto/.ttoClaw/workspace/products/ai-design-studio/src/components/WorkflowSelector.tsx">
        <metrics statements="47" coveredstatements="47" conditionals="7" coveredconditionals="7" methods="2" coveredmethods="2"/>
        <line num="1" count="1" type="stmt"/>
        <line num="2" count="1" type="stmt"/>
        <line num="3" count="1" type="stmt"/>
        <line num="4" count="1" type="stmt"/>
        <line num="5" count="1" type="stmt"/>
        <line num="6" count="1" type="stmt"/>
        <line num="7" count="1" type="stmt"/>
        <line num="8" count="1" type="stmt"/>
        <line num="9" count="1" type="stmt"/>
        <line num="10" count="1" type="stmt"/>
        <line num="11" count="1" type="stmt"/>
        <line num="12" count="1" type="stmt"/>
        <line num="13" count="1" type="stmt"/>
        <line num="14" count="1" type="cond" truecount="1" falsecount="0"/>
        <line num="15" count="6" type="stmt"/>
        <line num="16" count="6" type="stmt"/>
        <line num="17" count="6" type="stmt"/>
        <line num="18" count="6" type="stmt"/>
        <line num="19" count="6" type="stmt"/>
        <line num="20" count="6" type="stmt"/>
        <line num="21" count="6" type="stmt"/>
        <line num="22" count="6" type="stmt"/>
        <line num="23" count="6" type="stmt"/>
        <line num="24" count="6" type="stmt"/>
        <line num="25" count="6" type="stmt"/>
        <line num="26" count="6" type="stmt"/>
        <line num="27" count="6" type="stmt"/>
        <line num="28" count="6" type="cond" truecount="1" falsecount="0"/>
        <line num="29" count="6" type="stmt"/>
        <line num="30" count="6" type="stmt"/>
        <line num="31" count="6" type="stmt"/>
        <line num="32" count="6" type="stmt"/>
        <line num="33" count="6" type="cond" truecount="2" falsecount="0"/>
        <line num="34" count="6" type="stmt"/>
        <line num="35" count="6" type="stmt"/>
        <line num="36" count="6" type="cond" truecount="2" falsecount="0"/>
        <line num="37" count="6" type="stmt"/>
        <line num="38" count="6" type="stmt"/>
        <line num="39" count="6" type="cond" truecount="1" falsecount="0"/>
        <line num="40" count="6" type="stmt"/>
        <line num="41" count="6" type="stmt"/>
        <line num="42" count="6" type="stmt"/>
        <line num="43" count="6" type="stmt"/>
        <line num="44" count="6" type="stmt"/>
        <line num="45" count="6" type="stmt"/>
        <line num="46" count="6" type="stmt"/>
        <line num="47" count="6" type="stmt"/>
      </file>
    </package>
    <package name="hooks">
      <metrics statements="111" coveredstatements="99" conditionals="25" coveredconditionals="22" methods="3" coveredmethods="2"/>
      <file name="useGeneration.ts" path="/Users/tto/.ttoClaw/workspace/products/ai-design-studio/src/hooks/useGeneration.ts">
        <metrics statements="111" coveredstatements="99" conditionals="25" coveredconditionals="22" methods="3" coveredmethods="2"/>
        <line num="1" count="1" type="stmt"/>
        <line num="2" count="1" type="stmt"/>
        <line num="3" count="1" type="stmt"/>
        <line num="4" count="1" type="stmt"/>
        <line num="5" count="1" type="stmt"/>
        <line num="6" count="1" type="stmt"/>
        <line num="7" count="1" type="stmt"/>
        <line num="8" count="1" type="stmt"/>
        <line num="9" count="1" type="stmt"/>
        <line num="10" count="1" type="stmt"/>
        <line num="11" count="1" type="stmt"/>
        <line num="12" count="1" type="stmt"/>
        <line num="13" count="1" type="stmt"/>
        <line num="14" count="1" type="stmt"/>
        <line num="15" count="1" type="stmt"/>
        <line num="16" count="1" type="stmt"/>
        <line num="17" count="1" type="cond" truecount="1" falsecount="0"/>
        <line num="18" count="19" type="stmt"/>
        <line num="19" count="19" type="stmt"/>
        <line num="20" count="19" type="stmt"/>
        <line num="21" count="19" type="stmt"/>
        <line num="22" count="19" type="stmt"/>
        <line num="23" count="19" type="stmt"/>
        <line num="24" count="19" type="stmt"/>
        <line num="25" count="19" type="stmt"/>
        <line num="26" count="19" type="stmt"/>
        <line num="27" count="19" type="stmt"/>
        <line num="28" count="19" type="cond" truecount="1" falsecount="0"/>
        <line num="29" count="16" type="cond" truecount="1" falsecount="0"/>
        <line num="30" count="16" type="stmt"/>
        <line num="31" count="19" type="stmt"/>
        <line num="32" count="19" type="stmt"/>
        <line num="33" count="19" type="cond" truecount="1" falsecount="0"/>
        <line num="34" count="8" type="cond" truecount="1" falsecount="0"/>
        <line num="35" count="19" type="stmt"/>
        <line num="36" count="19" type="stmt"/>
        <line num="37" count="19" type="cond" truecount="1" falsecount="0"/>
        <line num="38" count="7" type="stmt"/>
        <line num="39" count="7" type="stmt"/>
        <line num="40" count="7" type="stmt"/>
        <line num="41" count="7" type="stmt"/>
        <line num="42" count="7" type="stmt"/>
        <line num="43" count="7" type="stmt"/>
        <line num="44" count="7" type="stmt"/>
        <line num="45" count="7" type="cond" truecount="1" falsecount="0"/>
        <line num="46" count="6" type="stmt"/>
        <line num="47" count="6" type="stmt"/>
        <line num="48" count="7" type="cond" truecount="1" falsecount="0"/>
        <line num="49" count="1" type="cond" truecount="1" falsecount="0"/>
        <line num="50" count="1" type="stmt"/>
        <line num="51" count="1" type="stmt"/>
        <line num="52" count="1" type="cond" truecount="0" falsecount="1"/>
        <line num="53" count="1" type="stmt"/>
        <line num="54" count="1" type="stmt"/>
        <line num="55" count="1" type="cond" truecount="1" falsecount="0"/>
        <line num="56" count="6" type="stmt"/>
        <line num="57" count="6" type="cond" truecount="1" falsecount="0"/>
        <line num="58" count="6" type="stmt"/>
        <line num="59" count="6" type="stmt"/>
        <line num="60" count="6" type="stmt"/>
        <line num="61" count="6" type="stmt"/>
        <line num="62" count="6" type="cond" truecount="1" falsecount="0"/>
        <line num="63" count="3" type="stmt"/>
        <line num="64" count="3" type="stmt"/>
        <line num="65" count="3" type="stmt"/>
        <line num="66" count="3" type="stmt"/>
        <line num="67" count="3" type="stmt"/>
        <line num="68" count="3" type="stmt"/>
        <line num="69" count="3" type="stmt"/>
        <line num="70" count="3" type="cond" truecount="1" falsecount="0"/>
        <line num="71" count="1" type="cond" truecount="1" falsecount="0"/>
        <line num="72" count="1" type="stmt"/>
        <line num="73" count="3" type="cond" truecount="1" falsecount="0"/>
        <line num="74" count="1" type="cond" truecount="1" falsecount="0"/>
        <line num="75" count="1" type="stmt"/>
        <line num="76" count="3" type="cond" truecount="1" falsecount="0"/>
        <line num="77" count="1" type="cond" truecount="1" falsecount="0"/>
        <line num="78" count="1" type="stmt"/>
        <line num="79" count="3" type="cond" truecount="2" falsecount="0"/>
        <line num="80" count="1" type="cond" truecount="1" falsecount="0"/>
        <line num="81" count="1" type="stmt"/>
        <line num="82" count="1" type="stmt"/>
        <line num="83" count="1" type="cond" truecount="0" falsecount="1"/>
        <line num="84" count="1" type="stmt"/>
        <line num="85" count="1" type="stmt"/>
        <line num="86" count="1" type="stmt"/>
        <line num="87" count="3" type="cond" truecount="0" falsecount="1"/>
        <line num="88" count="0" type="stmt"/>
        <line num="89" count="0" type="stmt"/>
        <line num="90" count="3" type="stmt"/>
        <line num="91" count="6" type="stmt"/>
        <line num="92" count="6" type="stmt"/>
        <line num="93" count="0" type="stmt"/>
        <line num="94" count="0" type="stmt"/>
        <line num="95" count="0" type="stmt"/>
        <line num="96" count="0" type="stmt"/>
        <line num="97" count="0" type="stmt"/>
        <line num="98" count="0" type="stmt"/>
        <line num="99" count="0" type="stmt"/>
        <line num="100" count="0" type="stmt"/>
        <line num="101" count="0" type="stmt"/>
        <line num="102" count="0" type="stmt"/>
        <line num="103" count="19" type="stmt"/>
        <line num="104" count="19" type="stmt"/>
        <line num="105" count="19" type="cond" truecount="1" falsecount="0"/>
        <line num="106" count="1" type="stmt"/>
        <line num="107" count="1" type="stmt"/>
        <line num="108" count="19" type="stmt"/>
        <line num="109" count="19" type="stmt"/>
        <line num="110" count="19" type="stmt"/>
        <line num="111" count="19" type="stmt"/>
      </file>
    </package>
    <package name="lib">
      <metrics statements="196" coveredstatements="174" conditionals="42" coveredconditionals="37" methods="5" coveredmethods="5"/>
      <file name="templates.ts" path="/Users/tto/.ttoClaw/workspace/products/ai-design-studio/src/lib/templates.ts">
        <metrics statements="57" coveredstatements="57" conditionals="2" coveredconditionals="2" methods="1" coveredmethods="1"/>
        <line num="1" count="1" type="stmt"/>
        <line num="2" count="1" type="stmt"/>
        <line num="3" count="1" type="stmt"/>
        <line num="4" count="1" type="stmt"/>
        <line num="5" count="1" type="stmt"/>
        <line num="6" count="1" type="stmt"/>
        <line num="7" count="1" type="stmt"/>
        <line num="8" count="1" type="stmt"/>
        <line num="9" count="1" type="stmt"/>
        <line num="10" count="1" type="stmt"/>
        <line num="11" count="1" type="stmt"/>
        <line num="12" count="1" type="stmt"/>
        <line num="13" count="1" type="stmt"/>
        <line num="14" count="1" type="stmt"/>
        <line num="15" count="1" type="stmt"/>
        <line num="16" count="1" type="stmt"/>
        <line num="17" count="1" type="stmt"/>
        <line num="18" count="1" type="stmt"/>
        <line num="19" count="1" type="stmt"/>
        <line num="20" count="1" type="stmt"/>
        <line num="21" count="1" type="stmt"/>
        <line num="22" count="1" type="stmt"/>
        <line num="23" count="1" type="stmt"/>
        <line num="24" count="1" type="stmt"/>
        <line num="25" count="1" type="stmt"/>
        <line num="26" count="1" type="stmt"/>
        <line num="27" count="1" type="stmt"/>
        <line num="28" count="1" type="stmt"/>
        <line num="29" count="1" type="stmt"/>
        <line num="30" count="1" type="stmt"/>
        <line num="31" count="1" type="stmt"/>
        <line num="32" count="1" type="stmt"/>
        <line num="33" count="1" type="stmt"/>
        <line num="34" count="1" type="stmt"/>
        <line num="35" count="1" type="stmt"/>
        <line num="36" count="1" type="stmt"/>
        <line num="37" count="1" type="stmt"/>
        <line num="38" count="1" type="stmt"/>
        <line num="39" count="1" type="stmt"/>
        <line num="40" count="1" type="stmt"/>
        <line num="41" count="1" type="stmt"/>
        <line num="42" count="1" type="stmt"/>
        <line num="43" count="1" type="stmt"/>
        <line num="44" count="1" type="stmt"/>
        <line num="45" count="1" type="stmt"/>
        <line num="46" count="1" type="stmt"/>
        <line num="47" count="1" type="stmt"/>
        <line num="48" count="1" type="stmt"/>
        <line num="49" count="1" type="stmt"/>
        <line num="50" count="1" type="stmt"/>
        <line num="51" count="1" type="stmt"/>
        <line num="52" count="1" type="stmt"/>
        <line num="53" count="1" type="stmt"/>
        <line num="54" count="1" type="stmt"/>
        <line num="55" count="1" type="cond" truecount="1" falsecount="0"/>
        <line num="56" count="3" type="cond" truecount="1" falsecount="0"/>
        <line num="57" count="3" type="stmt"/>
      </file>
      <file name="validators.ts" path="/Users/tto/.ttoClaw/workspace/products/ai-design-studio/src/lib/validators.ts">
        <metrics statements="139" coveredstatements="117" conditionals="40" coveredconditionals="35" methods="4" coveredmethods="4"/>
        <line num="1" count="1" type="stmt"/>
        <line num="2" count="1" type="stmt"/>
        <line num="3" count="1" type="stmt"/>
        <line num="4" count="1" type="stmt"/>
        <line num="5" count="1" type="stmt"/>
        <line num="6" count="1" type="stmt"/>
        <line num="7" count="1" type="stmt"/>
        <line num="8" count="1" type="stmt"/>
        <line num="9" count="1" type="stmt"/>
        <line num="10" count="1" type="stmt"/>
        <line num="11" count="1" type="stmt"/>
        <line num="12" count="1" type="stmt"/>
        <line num="13" count="1" type="stmt"/>
        <line num="14" count="1" type="stmt"/>
        <line num="15" count="1" type="stmt"/>
        <line num="16" count="1" type="stmt"/>
        <line num="17" count="1" type="stmt"/>
        <line num="18" count="1" type="stmt"/>
        <line num="19" count="1" type="stmt"/>
        <line num="20" count="1" type="stmt"/>
        <line num="21" count="1" type="stmt"/>
        <line num="22" count="1" type="stmt"/>
        <line num="23" count="1" type="stmt"/>
        <line num="24" count="18" type="cond" truecount="1" falsecount="0"/>
        <line num="25" count="18" type="stmt"/>
        <line num="26" count="18" type="stmt"/>
        <line num="27" count="1" type="stmt"/>
        <line num="28" count="1" type="cond" truecount="1" falsecount="0"/>
        <line num="29" count="20" type="stmt"/>
        <line num="30" count="20" type="stmt"/>
        <line num="31" count="20" type="cond" truecount="2" falsecount="0"/>
        <line num="32" count="2" type="stmt"/>
        <line num="33" count="2" type="cond" truecount="1" falsecount="0"/>
        <line num="34" count="18" type="stmt"/>
        <line num="35" count="18" type="stmt"/>
        <line num="36" count="18" type="stmt"/>
        <line num="37" count="18" type="stmt"/>
        <line num="38" count="20" type="cond" truecount="1" falsecount="0"/>
        <line num="39" count="2" type="stmt"/>
        <line num="40" count="2" type="cond" truecount="1" falsecount="0"/>
        <line num="41" count="16" type="stmt"/>
        <line num="42" count="20" type="cond" truecount="0" falsecount="1"/>
        <line num="43" count="0" type="stmt"/>
        <line num="44" count="0" type="cond" truecount="1" falsecount="0"/>
        <line num="45" count="20" type="cond" truecount="1" falsecount="0"/>
        <line num="46" count="1" type="stmt"/>
        <line num="47" count="1" type="cond" truecount="1" falsecount="0"/>
        <line num="48" count="15" type="stmt"/>
        <line num="49" count="15" type="stmt"/>
        <line num="50" count="15" type="stmt"/>
        <line num="51" count="20" type="cond" truecount="1" falsecount="0"/>
        <line num="52" count="2" type="cond" truecount="0" falsecount="1"/>
        <line num="53" count="0" type="stmt"/>
        <line num="54" count="0" type="stmt"/>
        <line num="55" count="2" type="stmt"/>
        <line num="56" count="2" type="cond" truecount="1" falsecount="0"/>
        <line num="57" count="1" type="stmt"/>
        <line num="58" count="1" type="stmt"/>
        <line num="59" count="2" type="cond" truecount="1" falsecount="0"/>
        <line num="60" count="14" type="stmt"/>
        <line num="61" count="14" type="stmt"/>
        <line num="62" count="14" type="stmt"/>
        <line num="63" count="20" type="cond" truecount="1" falsecount="0"/>
        <line num="64" count="1" type="stmt"/>
        <line num="65" count="1" type="cond" truecount="1" falsecount="0"/>
        <line num="66" count="13" type="stmt"/>
        <line num="67" count="13" type="stmt"/>
        <line num="68" count="13" type="stmt"/>
        <line num="69" count="13" type="stmt"/>
        <line num="70" count="20" type="cond" truecount="1" falsecount="0"/>
        <line num="71" count="3" type="stmt"/>
        <line num="72" count="3" type="cond" truecount="3" falsecount="0"/>
        <line num="73" count="2" type="stmt"/>
        <line num="74" count="2" type="cond" truecount="1" falsecount="0"/>
        <line num="75" count="1" type="stmt"/>
        <line num="76" count="1" type="cond" truecount="1" falsecount="0"/>
        <line num="77" count="11" type="stmt"/>
        <line num="78" count="11" type="stmt"/>
        <line num="79" count="11" type="stmt"/>
        <line num="80" count="20" type="cond" truecount="0" falsecount="1"/>
        <line num="81" count="0" type="stmt"/>
        <line num="82" count="0" type="stmt"/>
        <line num="83" count="0" type="stmt"/>
        <line num="84" count="0" type="stmt"/>
        <line num="85" count="0" type="stmt"/>
        <line num="86" count="0" type="cond" truecount="1" falsecount="0"/>
        <line num="87" count="11" type="stmt"/>
        <line num="88" count="11" type="stmt"/>
        <line num="89" count="11" type="stmt"/>
        <line num="90" count="20" type="cond" truecount="1" falsecount="0"/>
        <line num="91" count="2" type="stmt"/>
        <line num="92" count="2" type="cond" truecount="1" falsecount="0"/>
        <line num="93" count="1" type="stmt"/>
        <line num="94" count="1" type="stmt"/>
        <line num="95" count="1" type="stmt"/>
        <line num="96" count="1" type="cond" truecount="1" falsecount="0"/>
        <line num="97" count="10" type="stmt"/>
        <line num="98" count="10" type="stmt"/>
        <line num="99" count="10" type="stmt"/>
        <line num="100" count="20" type="cond" truecount="0" falsecount="1"/>
        <line num="101" count="0" type="stmt"/>
        <line num="102" count="0" type="stmt"/>
        <line num="103" count="0" type="stmt"/>
        <line num="104" count="0" type="stmt"/>
        <line num="105" count="0" type="stmt"/>
        <line num="106" count="0" type="cond" truecount="1" falsecount="0"/>
        <line num="107" count="10" type="stmt"/>
        <line num="108" count="10" type="stmt"/>
        <line num="109" count="10" type="stmt"/>
        <line num="110" count="20" type="cond" truecount="0" falsecount="1"/>
        <line num="111" count="0" type="stmt"/>
        <line num="112" count="0" type="stmt"/>
        <line num="113" count="0" type="stmt"/>
        <line num="114" count="0" type="stmt"/>
        <line num="115" count="0" type="stmt"/>
        <line num="116" count="0" type="cond" truecount="1" falsecount="0"/>
        <line num="117" count="10" type="stmt"/>
        <line num="118" count="10" type="stmt"/>
        <line num="119" count="10" type="stmt"/>
        <line num="120" count="20" type="cond" truecount="1" falsecount="0"/>
        <line num="121" count="2" type="cond" truecount="1" falsecount="0"/>
        <line num="122" count="1" type="stmt"/>
        <line num="123" count="1" type="stmt"/>
        <line num="124" count="1" type="stmt"/>
        <line num="125" count="1" type="cond" truecount="1" falsecount="0"/>
        <line num="126" count="9" type="stmt"/>
        <line num="127" count="9" type="stmt"/>
        <line num="128" count="9" type="stmt"/>
        <line num="129" count="9" type="stmt"/>
        <line num="130" count="9" type="stmt"/>
        <line num="131" count="9" type="stmt"/>
        <line num="132" count="1" type="stmt"/>
        <line num="133" count="1" type="cond" truecount="1" falsecount="0"/>
        <line num="134" count="6" type="cond" truecount="1" falsecount="0"/>
        <line num="135" count="6" type="stmt"/>
        <line num="136" count="1" type="stmt"/>
        <line num="137" count="1" type="cond" truecount="1" falsecount="0"/>
        <line num="138" count="6" type="cond" truecount="2" falsecount="0"/>
        <line num="139" count="6" type="stmt"/>
      </file>
    </package>
  </project>
</coverage>
